SF:lib/utils/parser_engine.dart
DA:5,2
DA:6,1
DA:11,1
DA:16,1
DA:21,1
DA:29,1
DA:30,2
DA:31,1
DA:34,1
DA:38,1
DA:40,2
DA:41,2
DA:43,1
DA:45,2
DA:46,2
DA:47,2
DA:48,1
DA:49,1
DA:50,1
DA:53,1
DA:58,1
DA:61,1
DA:62,1
DA:63,1
DA:66,1
DA:70,1
DA:72,2
DA:73,1
DA:74,1
DA:75,1
DA:76,2
DA:82,1
DA:83,1
DA:84,2
DA:85,2
DA:86,2
DA:87,2
DA:89,1
DA:90,1
DA:93,1
DA:96,2
DA:100,1
DA:101,1
DA:107,1
DA:108,5
DA:109,1
DA:115,1
DA:119,1
DA:120,1
DA:121,1
DA:122,1
DA:125,1
DA:126,1
DA:130,2
DA:131,2
DA:134,1
DA:136,2
DA:137,2
DA:140,1
DA:143,1
DA:144,1
DA:152,1
DA:153,2
DA:154,1
DA:155,1
DA:156,1
DA:161,2
DA:162,1
DA:164,1
DA:165,2
DA:169,3
DA:170,0
DA:176,2
DA:179,2
DA:180,1
DA:181,1
DA:182,2
DA:183,2
DA:184,1
DA:187,2
DA:188,1
DA:191,1
DA:192,1
DA:194,1
DA:199,1
DA:200,1
DA:202,1
DA:207,1
DA:208,1
DA:210,2
DA:211,4
DA:212,1
DA:215,1
DA:216,1
DA:217,4
DA:219,1
DA:220,2
DA:222,2
DA:223,6
DA:225,0
DA:233,1
DA:234,2
DA:236,1
DA:237,1
DA:239,1
DA:240,2
DA:241,1
DA:242,2
DA:245,3
DA:246,2
DA:248,2
DA:249,1
DA:253,1
DA:254,1
DA:255,3
DA:256,2
DA:261,1
DA:262,1
DA:263,1
DA:264,1
DA:265,2
DA:266,1
DA:268,0
DA:269,0
DA:270,0
DA:275,2
DA:277,1
DA:279,0
DA:281,1
DA:282,1
DA:283,1
DA:284,1
DA:285,1
DA:293,1
DA:295,1
DA:296,1
DA:297,1
DA:301,8
DA:302,9
DA:305,2
DA:306,1
DA:307,1
DA:310,2
DA:313,1
DA:315,2
DA:321,1
DA:322,1
DA:323,3
DA:324,1
DA:325,4
DA:326,1
LF:151
LH:145
end_of_record
SF:lib/models/session_model.dart
DA:13,1
DA:24,0
DA:25,0
DA:26,0
DA:27,0
DA:28,0
DA:29,0
DA:30,0
DA:31,0
DA:32,0
DA:33,0
DA:37,0
DA:38,0
DA:39,0
DA:40,0
DA:41,0
DA:42,0
DA:43,0
DA:45,0
DA:46,0
DA:47,0
DA:51,0
DA:52,0
DA:55,0
DA:56,0
DA:58,0
DA:59,0
DA:61,0
LF:28
LH:1
end_of_record
